TN:
SF:src/app/app.component.ts
FNF:0
FNH:0
DA:1,1
DA:2,1
DA:10,1
LF:3
LH:3
BRF:0
BRH:0
end_of_record
TN:
SF:src/app/app.config.ts
FNF:0
FNH:0
DA:2,1
DA:3,1
DA:4,1
DA:5,1
DA:6,1
DA:7,1
DA:9,1
LF:7
LH:7
BRF:0
BRH:0
end_of_record
TN:
SF:src/app/app.routes.ts
FNF:0
FNH:0
DA:2,2
DA:3,2
DA:5,2
LF:3
LH:3
BRF:0
BRH:0
end_of_record
TN:
SF:src/app/core/interceptors/api-error.interceptor.ts
FN:4,(anonymous_0)
FN:6,(anonymous_1)
FN:8,(anonymous_2)
FNF:3
FNH:3
FNDA:2,(anonymous_0)
FNDA:2,(anonymous_1)
FNDA:2,(anonymous_2)
DA:2,2
DA:4,2
DA:5,2
DA:7,2
DA:8,2
LF:5
LH:5
BRDA:7,0,0,2
BRDA:7,0,1,1
BRF:2
BRH:2
end_of_record
TN:
SF:src/app/features/products/application/products.facade.ts
FN:8,(anonymous_0)
FN:10,(anonymous_1)
FN:14,(anonymous_2)
FN:18,(anonymous_3)
FN:22,(anonymous_4)
FN:26,(anonymous_5)
FN:30,(anonymous_6)
FNF:7
FNH:7
FNDA:6,(anonymous_0)
FNDA:1,(anonymous_1)
FNDA:1,(anonymous_2)
FNDA:1,(anonymous_3)
FNDA:1,(anonymous_4)
FNDA:1,(anonymous_5)
FNDA:1,(anonymous_6)
DA:1,6
DA:4,6
DA:7,6
DA:8,6
DA:11,1
DA:15,1
DA:19,1
DA:23,1
DA:27,1
DA:31,1
LF:10
LH:10
BRF:0
BRH:0
end_of_record
TN:
SF:src/app/features/products/components/product-form/product-form.component.ts
FN:41,(anonymous_0)
FN:50,(anonymous_1)
FN:45,(anonymous_2)
FN:52,(anonymous_3)
FN:56,(anonymous_4)
FN:67,(anonymous_5)
FN:81,(anonymous_6)
FN:86,(anonymous_7)
FN:90,(anonymous_8)
FN:116,(anonymous_9)
FN:127,(anonymous_10)
FN:128,(anonymous_11)
FN:138,(anonymous_12)
FN:139,(anonymous_13)
FN:145,(anonymous_14)
FN:146,(anonymous_15)
FN:147,(anonymous_16)
FN:152,(anonymous_17)
FN:153,(anonymous_18)
FN:166,(anonymous_19)
FN:167,(anonymous_20)
FNF:21
FNH:20
FNDA:13,(anonymous_0)
FNDA:16,(anonymous_1)
FNDA:16,(anonymous_2)
FNDA:13,(anonymous_3)
FNDA:2,(anonymous_4)
FNDA:2,(anonymous_5)
FNDA:418,(anonymous_6)
FNDA:66,(anonymous_7)
FNDA:6,(anonymous_8)
FNDA:16,(anonymous_9)
FNDA:13,(anonymous_10)
FNDA:23,(anonymous_11)
FNDA:13,(anonymous_12)
FNDA:12,(anonymous_13)
FNDA:2,(anonymous_14)
FNDA:2,(anonymous_15)
FNDA:0,(anonymous_16)
FNDA:13,(anonymous_17)
FNDA:62,(anonymous_18)
FNDA:13,(anonymous_19)
FNDA:161,(anonymous_20)
DA:1,4
DA:2,4
DA:3,4
DA:4,4
DA:5,4
DA:7,4
DA:16,4
DA:17,13
DA:19,13
DA:20,13
DA:21,13
DA:23,13
DA:25,13
DA:42,13
DA:43,13
DA:45,13
DA:46,16
DA:50,16
DA:53,13
DA:57,2
DA:59,2
DA:60,1
DA:61,1
DA:64,1
DA:68,2
DA:69,2
DA:71,2
DA:72,1
DA:73,1
DA:74,1
DA:77,1
DA:78,1
DA:82,418
DA:83,418
DA:87,66
DA:91,6
DA:93,6
DA:94,0
DA:97,6
DA:98,1
DA:100,5
DA:101,1
DA:103,4
DA:104,1
DA:106,3
DA:107,1
DA:109,2
DA:110,1
DA:113,1
DA:117,16
DA:118,3
DA:119,3
DA:120,3
DA:123,13
DA:124,13
DA:128,13
DA:129,23
DA:130,9
DA:131,9
DA:132,9
DA:133,9
DA:139,13
DA:140,12
DA:141,6
DA:144,6
DA:145,2
DA:146,2
DA:147,0
DA:153,13
DA:154,62
DA:155,53
DA:158,9
DA:159,9
DA:160,9
DA:162,9
DA:167,13
DA:168,161
DA:169,161
DA:171,161
DA:172,134
DA:175,27
DA:176,27
DA:177,27
DA:178,27
DA:180,27
LF:85
LH:83
BRDA:59,0,0,1
BRDA:59,1,0,2
BRDA:59,1,1,1
BRDA:71,2,0,1
BRDA:83,3,0,418
BRDA:83,3,1,418
BRDA:83,3,2,340
BRDA:83,3,3,339
BRDA:87,4,0,66
BRDA:87,4,1,2
BRDA:87,4,2,1
BRDA:93,5,0,0
BRDA:97,6,0,1
BRDA:100,7,0,1
BRDA:103,8,0,1
BRDA:106,9,0,1
BRDA:109,10,0,1
BRDA:117,11,0,3
BRDA:129,12,0,9
BRDA:140,13,0,6
BRDA:140,14,0,12
BRDA:140,14,1,6
BRDA:140,14,2,6
BRDA:146,15,0,1
BRDA:146,15,1,1
BRDA:154,16,0,53
BRDA:162,17,0,8
BRDA:162,17,1,1
BRDA:171,18,0,134
BRDA:171,19,0,161
BRDA:171,19,1,27
BRDA:180,20,0,26
BRDA:180,20,1,1
BRF:33
BRH:32
end_of_record
TN:
SF:src/app/features/products/components/product-list/product-list.component.ts
FN:12,(anonymous_0)
FN:22,(anonymous_1)
FN:26,(anonymous_2)
FN:28,(anonymous_3)
FN:29,(anonymous_4)
FN:33,(anonymous_5)
FN:37,(anonymous_6)
FN:42,(anonymous_7)
FN:47,(anonymous_8)
FN:53,(anonymous_9)
FNF:10
FNH:10
FNDA:8,(anonymous_0)
FNDA:1,(anonymous_1)
FNDA:2,(anonymous_2)
FNDA:2,(anonymous_3)
FNDA:2,(anonymous_4)
FNDA:2,(anonymous_5)
FNDA:1,(anonymous_6)
FNDA:1,(anonymous_7)
FNDA:1,(anonymous_8)
FNDA:2,(anonymous_9)
DA:1,4
DA:2,4
DA:12,4
DA:13,8
DA:14,8
DA:15,8
DA:16,8
DA:17,8
DA:18,8
DA:20,8
DA:22,8
DA:23,1
DA:27,2
DA:28,2
DA:29,2
DA:34,2
DA:38,1
DA:39,1
DA:43,1
DA:44,1
DA:48,1
DA:49,1
DA:54,2
DA:55,2
DA:56,1
LF:25
LH:25
BRDA:29,0,0,1
BRDA:29,0,1,1
BRDA:55,1,0,1
BRF:3
BRH:3
end_of_record
TN:
SF:src/app/features/products/domain/repositories/product.repository.ts
FNF:0
FNH:0
DA:1,6
DA:14,6
LF:2
LH:2
BRF:0
BRH:0
end_of_record
TN:
SF:src/app/features/products/infrastructure/repositories/products-http.repository.ts
FN:12,(anonymous_0)
FN:14,(anonymous_1)
FN:15,(anonymous_2)
FN:18,(anonymous_3)
FN:22,(anonymous_4)
FN:26,(anonymous_5)
FN:30,(anonymous_6)
FN:34,(anonymous_7)
FNF:8
FNH:8
FNDA:7,(anonymous_0)
FNDA:1,(anonymous_1)
FNDA:1,(anonymous_2)
FNDA:1,(anonymous_3)
FNDA:1,(anonymous_4)
FNDA:1,(anonymous_5)
FNDA:1,(anonymous_6)
FNDA:1,(anonymous_7)
DA:1,2
DA:2,2
DA:3,2
DA:4,2
DA:9,2
DA:10,7
DA:12,7
DA:15,1
DA:19,1
DA:23,1
DA:27,1
DA:31,1
DA:35,1
LF:13
LH:13
BRF:0
BRH:0
end_of_record
TN:
SF:src/app/features/products/pages/product-form-page/product-form-page.component.ts
FN:25,(anonymous_0)
FN:31,(anonymous_1)
FN:33,(anonymous_2)
FN:43,(anonymous_3)
FN:47,(anonymous_4)
FN:54,(anonymous_5)
FN:64,(anonymous_6)
FN:68,(anonymous_7)
FNF:8
FNH:8
FNDA:6,(anonymous_0)
FNDA:5,(anonymous_1)
FNDA:4,(anonymous_2)
FNDA:2,(anonymous_3)
FNDA:1,(anonymous_4)
FNDA:3,(anonymous_5)
FNDA:2,(anonymous_6)
FNDA:1,(anonymous_7)
DA:1,3
DA:2,3
DA:3,3
DA:4,3
DA:6,3
DA:7,3
DA:16,3
DA:17,6
DA:19,6
DA:20,6
DA:21,6
DA:22,6
DA:23,6
DA:26,6
DA:27,6
DA:28,6
DA:31,6
DA:34,4
DA:35,4
DA:37,4
DA:38,1
DA:41,3
DA:42,3
DA:44,2
DA:45,2
DA:48,1
DA:49,1
DA:55,3
DA:56,3
DA:57,3
DA:59,3
DA:63,3
DA:65,2
DA:66,2
DA:69,1
DA:70,1
LF:36
LH:36
BRDA:37,0,0,1
BRDA:59,1,0,1
BRDA:59,1,1,2
BRDA:59,2,0,3
BRDA:59,2,1,1
BRF:5
BRH:5
end_of_record
TN:
SF:src/app/features/products/pages/products-page/products-page.component.ts
FN:27,(anonymous_0)
FN:36,(anonymous_1)
FN:44,(anonymous_2)
FN:52,(anonymous_3)
FN:54,(anonymous_4)
FN:32,(anonymous_5)
FN:59,(anonymous_6)
FN:64,(anonymous_7)
FN:69,(anonymous_8)
FN:76,(anonymous_9)
FN:81,(anonymous_10)
FN:86,(anonymous_11)
FN:88,(anonymous_12)
FN:92,(anonymous_13)
FN:94,(anonymous_14)
FN:98,(anonymous_15)
FNF:16
FNH:16
FNDA:8,(anonymous_0)
FNDA:4,(anonymous_1)
FNDA:2,(anonymous_2)
FNDA:2,(anonymous_3)
FNDA:1,(anonymous_4)
FNDA:1,(anonymous_5)
FNDA:2,(anonymous_6)
FNDA:1,(anonymous_7)
FNDA:1,(anonymous_8)
FNDA:1,(anonymous_9)
FNDA:1,(anonymous_10)
FNDA:2,(anonymous_11)
FNDA:1,(anonymous_12)
FNDA:2,(anonymous_13)
FNDA:1,(anonymous_14)
FNDA:1,(anonymous_15)
DA:1,3
DA:2,3
DA:3,3
DA:4,3
DA:5,3
DA:7,3
DA:8,3
DA:17,3
DA:18,8
DA:20,8
DA:21,8
DA:22,8
DA:23,8
DA:24,8
DA:25,8
DA:28,8
DA:29,8
DA:33,1
DA:36,8
DA:37,4
DA:38,4
DA:40,4
DA:41,3
DA:44,1
DA:45,2
DA:52,8
DA:54,8
DA:55,1
DA:56,1
DA:60,2
DA:61,2
DA:63,2
DA:65,1
DA:66,1
DA:67,1
DA:70,1
DA:71,1
DA:77,1
DA:78,1
DA:82,1
DA:83,1
DA:87,2
DA:88,1
DA:93,2
DA:94,1
DA:99,1
LF:46
LH:46
BRDA:40,0,0,3
BRDA:87,1,0,1
BRDA:93,2,0,1
BRF:3
BRH:3
end_of_record
